TN:
SF:src/deployer/DeployPeriphery.sol
FN:33,DeployPeriphery.deployReserveOracle
FNDA:173,DeployPeriphery.deployReserveOracle
DA:34,173
DA:35,173
FN:40,DeployPeriphery.deployReservoirMarket
FNDA:173,DeployPeriphery.deployReservoirMarket
DA:44,173
DA:46,173
FNF:2
FNH:2
LF:4
LH:4
BRF:0
BRH:0
end_of_record
TN:
SF:src/deployer/DeployProtocol.sol
FN:37,DeployProtocol.deploy
FNDA:160,DeployProtocol.deploy
DA:38,160
DA:39,160
DA:41,160
FNF:1
FNH:1
LF:3
LH:3
BRF:0
BRH:0
end_of_record
TN:
SF:src/deployer/DeployUToken.sol
FN:33,DeployUToken.deploy
FNDA:341,DeployUToken.deploy
DA:34,341
BRDA:34,0,0,341
BRDA:34,0,1,-
DA:37,341
DA:39,341
DA:53,341
DA:60,341
DA:62,341
FNF:1
FNH:1
LF:6
LH:6
BRF:2
BRH:1
end_of_record
TN:
SF:src/deployer/DeployUTokenConfig.sol
FN:34,DeployUTokenConfig.deployInterestRate
FNDA:341,DeployUTokenConfig.deployInterestRate
DA:36,341
DA:43,341
FN:46,DeployUTokenConfig.deployDebtToken
FNDA:341,DeployUTokenConfig.deployDebtToken
DA:47,341
DA:48,341
DA:56,341
DA:57,341
FNF:2
FNH:2
LF:6
LH:6
BRF:0
BRH:0
end_of_record
TN:
SF:src/libraries/base/BaseCore.sol
FN:11,BaseCore._createProxy
FNDA:972,BaseCore._createProxy
DA:12,972
BRDA:12,0,0,971
BRDA:12,0,1,1
DA:13,1
DA:15,971
BRDA:15,1,0,970
BRDA:15,1,1,1
DA:16,1
DA:20,970
BRDA:20,2,0,970
BRDA:20,2,1,-
DA:23,970
DA:25,970
BRDA:25,3,0,970
BRDA:25,3,1,970
DA:26,970
DA:29,970
DA:31,970
DA:33,970
DA:35,0
FN:38,BaseCore.callInternalModule
FNDA:2,BaseCore.callInternalModule
DA:42,2
DA:43,2
BRDA:43,4,0,2
BRDA:43,4,1,-
DA:44,0
FN:86,BaseCore.revertBytes
FNDA:0,BaseCore.revertBytes
DA:87,0
BRDA:87,5,0,-
BRDA:87,5,1,-
DA:93,0
FNF:3
FNH:2
LF:17
LH:13
BRF:12
BRH:8
end_of_record
TN:
SF:src/libraries/base/BaseCoreModule.sol
FN:85,BaseCoreModule.unpackTrailingParamMsgSender
FNDA:1742,BaseCoreModule.unpackTrailingParamMsgSender
DA:88,0
FN:92,BaseCoreModule.unpackTrailingParams
FNDA:1,BaseCoreModule.unpackTrailingParams
DA:95,0
DA:96,0
FN:104,BaseCoreModule._checkHasUnlockdWallet
FNDA:158,BaseCoreModule._checkHasUnlockdWallet
DA:106,158
BRDA:105,0,0,158
BRDA:105,0,1,-
DA:108,0
FNF:3
FNH:3
LF:5
LH:1
BRF:2
BRH:1
end_of_record
TN:
SF:src/libraries/base/BaseERC20.sol
FN:51,BaseERC20.setActive
FNDA:0,BaseERC20.setActive
DA:52,0
FN:55,BaseERC20.setFrozen
FNDA:0,BaseERC20.setFrozen
DA:56,0
FN:59,BaseERC20.__BaseERC20_init
FNDA:682,BaseERC20.__BaseERC20_init
DA:64,682
DA:65,682
DA:67,682
DA:68,682
FN:71,BaseERC20._transfer
FNDA:0,BaseERC20._transfer
DA:72,0
FN:75,BaseERC20._mint
FNDA:251,BaseERC20._mint
DA:76,251
FN:79,BaseERC20._burn
FNDA:1,BaseERC20._burn
DA:80,1
FNF:6
FNH:3
LF:9
LH:6
BRF:0
BRH:0
end_of_record
TN:
SF:src/libraries/base/BaseSignature.sol
FN:27,BaseSignature.DOMAIN_SEPARATOR
FNDA:0,BaseSignature.DOMAIN_SEPARATOR
DA:28,0
FN:31,BaseSignature._validateRecoveredAddress
FNDA:282,BaseSignature._validateRecoveredAddress
DA:37,282
BRDA:37,0,0,277
BRDA:37,0,1,5
DA:38,5
DA:40,277
DA:41,277
DA:43,277
BRDA:43,1,0,261
BRDA:43,1,1,16
DA:44,16
DA:46,261
FN:49,BaseSignature._getAddressRecover
FNDA:277,BaseSignature._getAddressRecover
DA:53,277
FN:56,BaseSignature._hashTypedData
FNDA:548,BaseSignature._hashTypedData
DA:57,548
FN:60,BaseSignature.getNonce
FNDA:271,BaseSignature.getNonce
DA:61,271
FNF:5
FNH:4
LF:11
LH:10
BRF:4
BRH:4
end_of_record
TN:
SF:src/libraries/base/BaseToken.sol
FN:74,BaseToken.__BaseToken_init
FNDA:2,BaseToken.__BaseToken_init
DA:80,2
DA:81,2
DA:82,2
DA:85,2
DA:86,2
FN:93,BaseToken.setActive
FNDA:0,BaseToken.setActive
DA:94,0
FN:97,BaseToken.setFrozen
FNDA:0,BaseToken.setFrozen
DA:98,0
FN:101,BaseToken.decimals
FNDA:0,BaseToken.decimals
DA:102,0
FN:109,BaseToken._transfer
FNDA:0,BaseToken._transfer
DA:110,0
FN:113,BaseToken._mint
FNDA:2,BaseToken._mint
DA:114,2
FN:117,BaseToken._burn
FNDA:1,BaseToken._burn
DA:118,1
FNF:7
FNH:3
LF:11
LH:7
BRF:0
BRH:0
end_of_record
TN:
SF:src/libraries/base/InterestRate.sol
FN:73,InterestRate.variableRateSlope1
FNDA:0,InterestRate.variableRateSlope1
DA:74,0
FN:77,InterestRate.variableRateSlope2
FNDA:0,InterestRate.variableRateSlope2
DA:78,0
FN:86,InterestRate.baseVariableBorrowRate
FNDA:0,InterestRate.baseVariableBorrowRate
DA:87,0
FN:95,InterestRate.getMaxVariableBorrowRate
FNDA:0,InterestRate.getMaxVariableBorrowRate
DA:96,0
FN:109,InterestRate.calculateInterestRates
FNDA:365,InterestRate.calculateInterestRates
DA:117,365
DA:120,365
FN:141,InterestRate.calculateInterestRates
FNDA:365,InterestRate.calculateInterestRates
DA:146,365
DA:150,365
BRDA:150,0,0,113
BRDA:150,0,1,252
DA:151,113
DA:153,113
DA:157,113
DA:162,252
DA:167,365
FN:179,InterestRate._getOverallBorrowRate
FNDA:365,InterestRate._getOverallBorrowRate
DA:183,365
BRDA:183,1,0,113
BRDA:183,1,1,252
DA:185,113
DA:187,113
FN:190,InterestRate.configInterestRate
FNDA:0,InterestRate.configInterestRate
DA:196,0
DA:197,0
DA:198,0
DA:199,0
DA:200,0
FNF:8
FNH:3
LF:21
LH:12
BRF:4
BRH:4
end_of_record
TN:
SF:src/libraries/base/InterestRateV2.sol
FN:73,InterestRateV2.variableRateSlope1
FNDA:0,InterestRateV2.variableRateSlope1
DA:74,0
FN:77,InterestRateV2.variableRateSlope2
FNDA:0,InterestRateV2.variableRateSlope2
DA:78,0
FN:86,InterestRateV2.baseVariableBorrowRate
FNDA:0,InterestRateV2.baseVariableBorrowRate
DA:87,0
FN:95,InterestRateV2.getMaxVariableBorrowRate
FNDA:0,InterestRateV2.getMaxVariableBorrowRate
DA:96,0
FN:104,InterestRateV2.calculateInterestRates
FNDA:3,InterestRateV2.calculateInterestRates
DA:108,3
DA:111,3
DA:112,3
FN:133,InterestRateV2.calculateInterestRates
FNDA:3,InterestRateV2.calculateInterestRates
DA:138,3
DA:142,3
BRDA:142,0,0,-
BRDA:142,0,1,3
DA:143,0
DA:145,0
DA:149,0
DA:154,3
DA:159,3
FN:171,InterestRateV2._getOverallBorrowRate
FNDA:3,InterestRateV2._getOverallBorrowRate
DA:175,3
BRDA:175,1,0,-
BRDA:175,1,1,3
DA:177,0
DA:179,0
FN:182,InterestRateV2.configInterestRate
FNDA:0,InterestRateV2.configInterestRate
DA:188,0
DA:189,0
DA:190,0
DA:191,0
DA:192,0
FNF:8
FNH:3
LF:22
LH:8
BRF:4
BRH:2
end_of_record
TN:
SF:src/libraries/configuration/ACLManager.sol
FN:46,ACLManager.setRoleAdmin
FNDA:0,ACLManager.setRoleAdmin
DA:50,0
FN:54,ACLManager.setProtocol
FNDA:188,ACLManager.setProtocol
DA:55,188
DA:56,188
FN:60,ACLManager.isProtocol
FNDA:393,ACLManager.isProtocol
DA:61,393
FN:65,ACLManager.setUToken
FNDA:2,ACLManager.setUToken
DA:66,2
DA:67,2
FN:70,ACLManager.isUToken
FNDA:3,ACLManager.isUToken
DA:71,3
FN:75,ACLManager.addUTokenAdmin
FNDA:533,ACLManager.addUTokenAdmin
DA:76,533
FN:80,ACLManager.removeUTokenAdmin
FNDA:341,ACLManager.removeUTokenAdmin
DA:81,341
FN:85,ACLManager.isUTokenAdmin
FNDA:682,ACLManager.isUTokenAdmin
DA:86,682
FN:90,ACLManager.addProtocolAdmin
FNDA:353,ACLManager.addProtocolAdmin
DA:91,353
FN:95,ACLManager.removeProtocolAdmin
FNDA:160,ACLManager.removeProtocolAdmin
DA:96,160
FN:100,ACLManager.isAuctionAdmin
FNDA:3,ACLManager.isAuctionAdmin
DA:101,3
FN:105,ACLManager.addAuctionAdmin
FNDA:192,ACLManager.addAuctionAdmin
DA:106,192
FN:110,ACLManager.removeAuctionAdmin
FNDA:0,ACLManager.removeAuctionAdmin
DA:111,0
FN:115,ACLManager.isProtocolAdmin
FNDA:821,ACLManager.isProtocolAdmin
DA:116,821
FN:120,ACLManager.addEmergencyAdmin
FNDA:193,ACLManager.addEmergencyAdmin
DA:121,193
FN:125,ACLManager.removeEmergencyAdmin
FNDA:0,ACLManager.removeEmergencyAdmin
DA:126,0
FN:130,ACLManager.isEmergencyAdmin
FNDA:16,ACLManager.isEmergencyAdmin
DA:131,16
FN:135,ACLManager.addPriceUpdater
FNDA:352,ACLManager.addPriceUpdater
DA:136,352
FN:140,ACLManager.removePriceUpdater
FNDA:0,ACLManager.removePriceUpdater
DA:141,0
FN:145,ACLManager.isPriceUpdater
FNDA:182,ACLManager.isPriceUpdater
DA:146,182
FN:150,ACLManager.addGovernanceAdmin
FNDA:353,ACLManager.addGovernanceAdmin
DA:151,353
FN:155,ACLManager.removeGovernanceAdmin
FNDA:160,ACLManager.removeGovernanceAdmin
DA:156,160
FN:160,ACLManager.isGovernanceAdmin
FNDA:972,ACLManager.isGovernanceAdmin
DA:161,972
FNF:23
FNH:19
LF:25
LH:21
BRF:0
BRH:0
end_of_record
TN:
SF:src/libraries/helpers/Errors.sol
FN:138,Errors.verifyNotZero
FNDA:662,Errors.verifyNotZero
DA:139,662
BRDA:139,0,0,662
BRDA:139,0,1,-
DA:140,0
FN:144,Errors.verifyNotZero
FNDA:0,Errors.verifyNotZero
DA:145,0
BRDA:145,1,0,-
BRDA:145,1,1,-
DA:146,0
FN:150,Errors.verifyNotZero
FNDA:620,Errors.verifyNotZero
DA:151,620
BRDA:151,2,0,620
BRDA:151,2,1,-
DA:152,0
FN:156,Errors.verifyAreEquals
FNDA:4,Errors.verifyAreEquals
DA:157,4
BRDA:157,3,0,4
BRDA:157,3,1,-
DA:158,0
FN:162,Errors.verifyAreEquals
FNDA:0,Errors.verifyAreEquals
DA:163,0
BRDA:163,4,0,-
BRDA:163,4,1,-
DA:164,0
FN:168,Errors.verifyNotExpiredTimestamp
FNDA:892,Errors.verifyNotExpiredTimestamp
DA:171,0
BRDA:171,5,0,-
FN:178,Errors.verifyExpiredTimestamp
FNDA:15,Errors.verifyExpiredTimestamp
DA:181,0
BRDA:181,6,0,-
FNF:7
FNH:5
LF:12
LH:3
BRF:12
BRH:3
end_of_record
TN:
SF:src/libraries/logic/AssetLogic.sol
FN:17,AssetLogic.getAssetStructHash
FNDA:1,AssetLogic.getAssetStructHash
DA:21,1
DA:22,1
FNF:1
FNH:1
LF:2
LH:2
BRF:0
BRH:0
end_of_record
TN:
SF:src/libraries/logic/BuyNowLogic.sol
FN:15,BuyNowLogic.calculations
FNDA:7,BuyNowLogic.calculations
DA:19,7
BRDA:19,0,0,7
BRDA:19,0,1,-
DA:20,1
DA:23,6
DA:26,6
DA:31,6
DA:33,6
FNF:1
FNH:1
LF:6
LH:6
BRF:2
BRH:1
end_of_record
TN:
SF:src/libraries/logic/GenericLogic.sol
FN:43,GenericLogic.calculateFutureLoanData
FNDA:134,GenericLogic.calculateFutureLoanData
DA:52,134
DA:55,134
DA:56,134
DA:60,134
DA:69,134
DA:70,134
DA:72,134
DA:74,134
DA:80,134
FN:89,GenericLogic.calculateLoanDebt
FNDA:85,GenericLogic.calculateLoanDebt
DA:95,85
DA:98,85
DA:99,85
DA:103,85
DA:111,85
FN:122,GenericLogic.calculateHealthFactorFromBalances
FNDA:134,GenericLogic.calculateHealthFactorFromBalances
DA:127,134
FN:142,GenericLogic.calculateAvailableBorrows
FNDA:19,GenericLogic.calculateAvailableBorrows
DA:147,19
DA:150,19
FN:154,GenericLogic.calculateAmountToArriveToLTV
FNDA:48,GenericLogic.calculateAmountToArriveToLTV
DA:159,48
DA:161,48
FN:176,GenericLogic.getUserDebtInBaseCurrency
FNDA:219,GenericLogic.getUserDebtInBaseCurrency
DA:183,219
BRDA:183,0,0,167
BRDA:183,0,1,52
DA:185,167
DA:186,167
BRDA:186,1,0,93
BRDA:186,1,1,74
DA:188,93
DA:192,93
FN:195,GenericLogic.getMainWallet
FNDA:108,GenericLogic.getMainWallet
DA:199,108
DA:201,108
FN:204,GenericLogic.getMainWalletAddress
FNDA:5,GenericLogic.getMainWalletAddress
DA:208,5
DA:210,5
FN:213,GenericLogic.getMainWalletOwner
FNDA:9,GenericLogic.getMainWalletOwner
DA:217,9
DA:219,9
FN:222,GenericLogic.getMainWalletProtocolOwner
FNDA:17,GenericLogic.getMainWalletProtocolOwner
DA:226,17
DA:228,17
FNF:10
FNH:10
LF:32
LH:32
BRF:4
BRH:4
end_of_record
TN:
SF:src/libraries/logic/LoanLogic.sol
FN:27,LoanLogic.generateId
FNDA:91,LoanLogic.generateId
DA:32,91
FN:38,LoanLogic.createLoan
FNDA:91,LoanLogic.createLoan
DA:40,91
DA:41,91
DA:42,91
DA:43,91
DA:44,91
DA:46,91
DA:48,91
FN:54,LoanLogic.freeze
FNDA:30,LoanLogic.freeze
DA:55,30
FN:61,LoanLogic.activate
FNDA:11,LoanLogic.activate
DA:62,11
FN:68,LoanLogic.blocked
FNDA:0,LoanLogic.blocked
DA:69,0
FN:75,LoanLogic.getLoanStructHash
FNDA:403,LoanLogic.getLoanStructHash
DA:79,403
DA:80,403
FNF:6
FNH:5
LF:13
LH:12
BRF:0
BRH:0
end_of_record
TN:
SF:src/libraries/logic/OrderLogic.sol
FN:40,OrderLogic.generateId
FNDA:56,OrderLogic.generateId
DA:41,56
FN:47,OrderLogic.createOrder
FNDA:51,OrderLogic.createOrder
DA:49,51
DA:50,51
DA:51,51
DA:52,51
DA:61,51
DA:63,51
FN:73,OrderLogic.updateToLiquidationOrder
FNDA:1,OrderLogic.updateToLiquidationOrder
DA:78,1
DA:80,1
DA:89,1
FN:101,OrderLogic.borrowByBidder
FNDA:16,OrderLogic.borrowByBidder
DA:102,16
BRDA:102,0,0,16
BRDA:102,0,1,-
DA:103,16
DA:108,16
BRDA:108,1,0,16
BRDA:108,1,1,-
DA:109,0
DA:112,16
FN:129,OrderLogic.repayDebt
FNDA:14,OrderLogic.repayDebt
DA:132,14
DA:134,14
FN:149,OrderLogic.refundBidder
FNDA:8,OrderLogic.refundBidder
DA:150,8
DA:153,8
BRDA:153,2,0,-
BRDA:153,2,1,2
DA:154,2
DA:161,2
BRDA:161,3,0,-
BRDA:161,3,1,2
DA:169,2
DA:171,0
DA:173,2
DA:186,8
FN:193,OrderLogic.getMaxDebtOrDefault
FNDA:68,OrderLogic.getMaxDebtOrDefault
DA:202,68
DA:203,68
BRDA:203,4,0,30
BRDA:203,4,1,38
DA:205,30
DA:211,30
FN:214,OrderLogic.getMinDebtOrDefault
FNDA:11,OrderLogic.getMinDebtOrDefault
DA:223,11
DA:224,11
BRDA:224,5,0,11
BRDA:224,5,1,-
DA:226,11
DA:232,11
FN:240,OrderLogic.getMinBid
FNDA:52,OrderLogic.getMinBid
DA:247,52
BRDA:247,6,0,8
BRDA:247,6,1,44
DA:248,44
DA:249,44
DA:259,8
DA:261,8
DA:262,8
FN:273,OrderLogic.calculateMinBid
FNDA:8,OrderLogic.calculateMinBid
DA:277,8
FN:292,OrderLogic.repayDebtToSell
FNDA:10,OrderLogic.repayDebtToSell
DA:297,10
DA:307,10
DA:308,10
BRDA:308,7,0,3
BRDA:308,7,1,-
DA:309,3
BRDA:309,8,0,3
BRDA:309,8,1,-
DA:311,3
DA:323,3
FNF:11
FNH:11
LF:46
LH:44
BRF:18
BRH:11
end_of_record
TN:
SF:src/libraries/logic/ReserveAssetLogic.sol
FN:53,ReserveAssetLogic.getNormalizedIncome
FNDA:0,ReserveAssetLogic.getNormalizedIncome
DA:56,0
DA:59,0
BRDA:59,0,0,-
BRDA:59,0,1,-
DA:61,0
DA:63,0
DA:64,0
FN:77,ReserveAssetLogic.getNormalizedDebt
FNDA:0,ReserveAssetLogic.getNormalizedDebt
DA:80,0
DA:83,0
BRDA:83,1,0,-
BRDA:83,1,1,-
DA:85,0
DA:87,0
DA:88,0
FN:97,ReserveAssetLogic.updateState
FNDA:0,ReserveAssetLogic.updateState
DA:103,0
BRDA:103,2,0,-
BRDA:103,2,1,-
DA:104,0
DA:107,0
DA:108,0
DA:111,0
FN:114,ReserveAssetLogic._updateBalances
FNDA:0,ReserveAssetLogic._updateBalances
DA:121,0
DA:122,0
DA:124,0
BRDA:124,3,0,-
BRDA:124,3,1,-
DA:125,0
FN:141,ReserveAssetLogic.cumulateToLiquidityIndex
FNDA:0,ReserveAssetLogic.cumulateToLiquidityIndex
DA:148,0
DA:151,0
DA:152,0
FN:158,ReserveAssetLogic.init
FNDA:0,ReserveAssetLogic.init
DA:166,0
DA:167,0
DA:168,0
DA:169,0
DA:170,0
DA:171,0
DA:172,0
DA:173,0
FN:190,ReserveAssetLogic.updateInterestRates
FNDA:0,ReserveAssetLogic.updateInterestRates
DA:197,0
DA:199,0
DA:202,0
DA:213,0
DA:214,0
FN:237,ReserveAssetLogic._updateIndexes
FNDA:0,ReserveAssetLogic._updateIndexes
DA:244,0
BRDA:244,4,0,-
BRDA:244,4,1,-
DA:245,0
DA:249,0
DA:254,0
BRDA:254,5,0,-
BRDA:254,5,1,-
DA:255,0
DA:259,0
FN:268,ReserveAssetLogic.increaseDebt
FNDA:0,ReserveAssetLogic.increaseDebt
DA:273,0
DA:274,0
BRDA:274,6,0,-
BRDA:274,6,1,-
DA:275,0
DA:277,0
DA:279,0
FN:282,ReserveAssetLogic.decreaseDebt
FNDA:0,ReserveAssetLogic.decreaseDebt
DA:287,0
DA:288,0
BRDA:288,7,0,-
BRDA:288,7,1,-
DA:289,0
DA:292,0
DA:294,0
FN:301,ReserveAssetLogic.mintScaled
FNDA:0,ReserveAssetLogic.mintScaled
DA:307,0
DA:309,0
DA:315,0
DA:316,0
DA:317,0
FN:320,ReserveAssetLogic.burnScaled
FNDA:0,ReserveAssetLogic.burnScaled
DA:327,0
DA:333,0
DA:334,0
DA:335,0
DA:337,0
FN:342,ReserveAssetLogic.strategyInvest
FNDA:0,ReserveAssetLogic.strategyInvest
DA:348,0
BRDA:348,8,0,-
BRDA:348,8,1,-
DA:349,0
DA:350,0
DA:353,0
DA:359,0
BRDA:359,9,0,-
BRDA:359,9,1,-
DA:360,0
DA:361,0
DA:372,0
FN:378,ReserveAssetLogic.strategyWithdraw
FNDA:0,ReserveAssetLogic.strategyWithdraw
DA:383,0
BRDA:383,10,0,-
BRDA:383,10,1,-
DA:384,0
DA:385,0
DA:390,0
DA:396,0
BRDA:396,11,0,-
BRDA:396,11,1,-
DA:397,0
DA:398,0
DA:403,0
FNF:14
FNH:0
LF:77
LH:0
BRF:24
BRH:0
end_of_record
TN:
SF:src/libraries/logic/ReserveLogic.sol
FN:50,ReserveLogic.getNormalizedIncome
FNDA:0,ReserveLogic.getNormalizedIncome
DA:53,0
DA:56,0
BRDA:56,0,0,-
BRDA:56,0,1,-
DA:58,0
DA:61,0
DA:62,0
FN:75,ReserveLogic.getNormalizedDebt
FNDA:0,ReserveLogic.getNormalizedDebt
DA:78,0
DA:81,0
BRDA:81,1,0,-
BRDA:81,1,1,-
DA:83,0
DA:86,0
DA:87,0
FN:97,ReserveLogic.updateState
FNDA:0,ReserveLogic.updateState
DA:98,0
DA:100,0
DA:101,0
DA:102,0
DA:104,0
DA:112,0
FN:129,ReserveLogic.init
FNDA:0,ReserveLogic.init
DA:138,0
DA:139,0
DA:140,0
DA:141,0
DA:142,0
DA:143,0
DA:144,0
DA:145,0
DA:146,0
FN:163,ReserveLogic.updateInterestRates
FNDA:0,ReserveLogic.updateInterestRates
DA:168,0
DA:170,0
DA:174,0
DA:183,0
BRDA:183,2,0,-
BRDA:183,2,1,-
DA:184,0
DA:186,0
BRDA:186,3,0,-
BRDA:186,3,1,-
DA:187,0
DA:190,0
DA:191,0
DA:193,0
FN:219,ReserveLogic._calculateAmountToMintToTreasury
FNDA:0,ReserveLogic._calculateAmountToMintToTreasury
DA:226,0
DA:228,0
BRDA:228,4,0,-
BRDA:228,4,1,-
DA:229,0
DA:233,0
DA:236,0
DA:239,0
DA:241,0
FN:252,ReserveLogic._updateIndexes
FNDA:0,ReserveLogic._updateIndexes
DA:259,0
DA:261,0
DA:262,0
DA:267,0
BRDA:267,5,0,-
BRDA:267,5,1,-
DA:268,0
DA:272,0
DA:273,0
BRDA:273,6,0,-
BRDA:273,6,1,-
DA:274,0
DA:277,0
DA:281,0
BRDA:281,7,0,-
BRDA:281,7,1,-
DA:282,0
DA:286,0
DA:287,0
BRDA:287,8,0,-
BRDA:287,8,1,-
DA:288,0
DA:291,0
DA:296,0
DA:297,0
FN:300,ReserveLogic.updateAmounts
FNDA:0,ReserveLogic.updateAmounts
DA:307,0
BRDA:307,9,0,-
BRDA:307,9,1,-
DA:309,0
DA:310,0
DA:313,0
DA:314,0
FN:318,ReserveLogic.totalSupply
FNDA:0,ReserveLogic.totalSupply
DA:322,0
BRDA:322,10,0,-
BRDA:322,10,1,-
DA:323,0
DA:325,0
FNF:9
FNH:0
LF:67
LH:0
BRF:22
BRH:0
end_of_record
TN:
SF:src/libraries/logic/SellNowLogic.sol
FN:28,SellNowLogic.repayDebtAndUser
FNDA:6,SellNowLogic.repayDebtAndUser
DA:29,6
DA:35,6
DA:36,6
BRDA:36,0,0,4
BRDA:36,0,1,-
DA:38,4
DA:39,4
DA:42,6
DA:43,6
BRDA:43,1,0,6
BRDA:43,1,1,4
DA:44,4
FN:57,SellNowLogic.sellAsset
FNDA:8,SellNowLogic.sellAsset
DA:59,8
DA:60,8
DA:73,8
DA:74,8
FNF:2
FNH:2
LF:12
LH:12
BRF:4
BRH:3
end_of_record
TN:
SF:src/libraries/logic/ValidationLogic.sol
FN:35,ValidationLogic.validateLockAsset
FNDA:214,ValidationLogic.validateLockAsset
DA:42,214
BRDA:42,0,0,214
BRDA:42,0,1,-
DA:43,0
DA:46,214
BRDA:46,1,0,214
BRDA:46,1,1,-
DA:47,0
DA:50,214
BRDA:50,2,0,214
BRDA:50,2,1,-
DA:51,1
FN:55,ValidationLogic.validateOwnerAsset
FNDA:11,ValidationLogic.validateOwnerAsset
DA:56,11
BRDA:56,3,0,11
BRDA:56,3,1,-
DA:57,0
FN:70,ValidationLogic.validateFutureLoanState
FNDA:118,ValidationLogic.validateFutureLoanState
DA:74,118
BRDA:74,4,0,118
BRDA:74,4,1,-
DA:75,0
DA:78,118
DA:79,118
BRDA:77,5,0,118
BRDA:77,5,1,-
DA:81,0
DA:85,118
DA:105,118
BRDA:105,6,0,114
BRDA:105,6,1,4
DA:106,0
DA:109,114
BRDA:109,7,0,114
BRDA:109,7,1,-
DA:110,0
DA:112,0
FN:115,ValidationLogic.validateFutureUnhealtyLoanState
FNDA:16,ValidationLogic.validateFutureUnhealtyLoanState
DA:119,16
BRDA:119,8,0,16
BRDA:119,8,1,-
DA:120,0
DA:123,16
DA:124,16
BRDA:122,9,0,16
BRDA:122,9,1,-
DA:126,0
DA:130,16
DA:152,16
BRDA:152,10,0,14
BRDA:152,10,1,2
DA:153,0
DA:155,14
BRDA:155,11,0,14
BRDA:155,11,1,-
DA:156,0
DA:158,0
FN:161,ValidationLogic.validateRepay
FNDA:3,ValidationLogic.validateRepay
DA:169,3
DA:176,3
BRDA:176,12,0,3
BRDA:176,12,1,-
DA:177,0
FN:185,ValidationLogic.validateOrderBid
FNDA:45,ValidationLogic.validateOrderBid
DA:193,45
DA:194,43
BRDA:192,13,0,41
BRDA:192,13,1,4
DA:196,4
DA:198,41
BRDA:198,14,0,41
BRDA:198,14,1,-
DA:199,0
DA:202,41
DA:205,41
BRDA:205,15,0,40
BRDA:205,15,1,-
FN:208,ValidationLogic.validateBuyNow
FNDA:8,ValidationLogic.validateBuyNow
DA:215,8
DA:216,7
BRDA:214,16,0,6
BRDA:214,16,1,2
DA:218,2
DA:220,6
BRDA:220,17,0,5
BRDA:220,17,1,1
DA:221,5
BRDA:221,18,0,5
BRDA:221,18,1,-
DA:222,5
BRDA:222,19,0,5
BRDA:222,19,1,-
DA:223,0
DA:225,5
BRDA:225,20,0,4
BRDA:225,20,1,3
DA:227,3
FN:231,ValidationLogic.validateOrderClaim
FNDA:11,ValidationLogic.validateOrderClaim
DA:238,11
DA:239,11
BRDA:237,21,0,10
BRDA:237,21,1,1
DA:241,1
DA:243,10
BRDA:243,22,0,10
BRDA:243,22,1,-
DA:244,10
BRDA:244,23,0,10
BRDA:244,23,1,-
DA:247,10
DA:248,10
BRDA:248,24,0,9
BRDA:248,24,1,-
DA:249,0
DA:251,9
BRDA:251,25,0,9
BRDA:251,25,1,-
FN:265,ValidationLogic.validateCreateOrderMarket
FNDA:42,ValidationLogic.validateCreateOrderMarket
DA:266,42
BRDA:266,26,0,42
BRDA:266,26,1,-
DA:267,0
DA:270,42
BRDA:270,27,0,41
BRDA:270,27,1,1
DA:271,1
DA:274,41
DA:275,35
BRDA:273,28,0,13
BRDA:273,28,1,-
DA:277,13
BRDA:277,29,0,13
BRDA:277,29,1,-
DA:278,0
DA:280,13
BRDA:280,30,0,13
BRDA:280,30,1,-
DA:281,0
DA:283,13
BRDA:283,31,0,13
BRDA:283,31,1,-
DA:284,0
DA:289,41
DA:290,13
BRDA:288,32,0,35
BRDA:288,32,1,-
DA:292,35
BRDA:292,33,0,35
BRDA:292,33,1,-
DA:293,0
DA:295,35
BRDA:295,34,0,35
BRDA:295,34,1,-
DA:296,0
DA:298,35
BRDA:298,35,0,35
BRDA:298,35,1,-
DA:299,0
DA:304,41
BRDA:304,36,0,41
BRDA:304,36,1,-
DA:305,0
FN:309,ValidationLogic.validateCancelOrderMarket
FNDA:7,ValidationLogic.validateCancelOrderMarket
DA:317,7
BRDA:317,37,0,6
BRDA:317,37,1,1
DA:318,1
DA:321,6
BRDA:321,38,0,6
BRDA:321,38,1,-
DA:322,0
DA:326,6
DA:327,6
BRDA:325,39,0,5
BRDA:325,39,1,4
DA:330,4
FN:338,ValidationLogic.validateBid
FNDA:12,ValidationLogic.validateBid
DA:345,12
BRDA:345,40,0,12
BRDA:345,40,1,-
DA:346,12
BRDA:346,41,0,12
BRDA:346,41,1,-
DA:347,0
DA:349,12
DA:350,12
BRDA:350,42,0,10
BRDA:350,42,1,1
DA:351,10
BRDA:351,43,0,10
BRDA:351,43,1,-
FNF:11
FNH:11
LF:93
LH:66
BRF:88
BRH:55
end_of_record
TN:
SF:src/libraries/math/MathLib.sol
FN:10,MathLib.wMulDown
FNDA:0,MathLib.wMulDown
DA:11,0
FN:15,MathLib.wDivDown
FNDA:0,MathLib.wDivDown
DA:16,0
FN:20,MathLib.wDivUp
FNDA:0,MathLib.wDivUp
DA:21,0
FN:25,MathLib.mulDivDown
FNDA:0,MathLib.mulDivDown
DA:26,0
FN:30,MathLib.mulDivUp
FNDA:0,MathLib.mulDivUp
DA:31,0
FN:36,MathLib.wTaylorCompounded
FNDA:0,MathLib.wTaylorCompounded
DA:37,0
DA:38,0
DA:39,0
DA:41,0
FNF:6
FNH:0
LF:9
LH:0
BRF:0
BRH:0
end_of_record
TN:
SF:src/libraries/math/MathUtils.sol
FN:21,MathUtils.calculateLinearInterest
FNDA:0,MathUtils.calculateLinearInterest
DA:26,0
DA:28,0
DA:31,0
FN:48,MathUtils.calculateCompoundedInterest
FNDA:0,MathUtils.calculateCompoundedInterest
DA:54,0
DA:56,0
BRDA:56,0,0,-
BRDA:56,0,1,-
DA:57,0
DA:60,0
DA:61,0
DA:62,0
DA:63,0
DA:65,0
DA:67,0
DA:69,0
DA:70,0
DA:73,0
DA:75,0
DA:77,0
DA:79,0
DA:82,0
FN:91,MathUtils.calculateCompoundedInterest
FNDA:0,MathUtils.calculateCompoundedInterest
DA:95,0
FN:103,MathUtils.maxOf
FNDA:0,MathUtils.maxOf
DA:105,0
FN:114,MathUtils.minOf
FNDA:6,MathUtils.minOf
DA:117,0
FNF:5
FNH:1
LF:22
LH:0
BRF:2
BRH:0
end_of_record
TN:
SF:src/libraries/math/PercentageMath.sol
FN:16,PercentageMath.percentMul
FNDA:0,PercentageMath.percentMul
DA:19,0
BRDA:19,0,0,-
DA:28,0
FN:39,PercentageMath.percentDiv
FNDA:0,PercentageMath.percentDiv
DA:42,0
BRDA:42,1,0,-
DA:49,0
FNF:2
FNH:0
LF:4
LH:0
BRF:2
BRH:0
end_of_record
TN:
SF:src/libraries/math/SharesMathLib.sol
FN:22,SharesMathLib.toSharesDown
FNDA:0,SharesMathLib.toSharesDown
DA:27,0
FN:31,SharesMathLib.toAssetsDown
FNDA:0,SharesMathLib.toAssetsDown
DA:36,0
FN:40,SharesMathLib.toSharesUp
FNDA:0,SharesMathLib.toSharesUp
DA:45,0
FN:49,SharesMathLib.toAssetsUp
FNDA:0,SharesMathLib.toAssetsUp
DA:54,0
FNF:4
FNH:0
LF:4
LH:0
BRF:0
BRH:0
end_of_record
TN:
SF:src/libraries/math/WadRayMath.sol
FN:18,WadRayMath.ray
FNDA:0,WadRayMath.ray
DA:19,0
FN:27,WadRayMath.wad
FNDA:0,WadRayMath.wad
DA:28,0
FN:35,WadRayMath.halfRay
FNDA:0,WadRayMath.halfRay
DA:36,0
FN:43,WadRayMath.halfWad
FNDA:0,WadRayMath.halfWad
DA:44,0
FN:53,WadRayMath.wadMul
FNDA:0,WadRayMath.wadMul
DA:57,0
BRDA:57,0,0,-
DA:61,0
FN:71,WadRayMath.wadDiv
FNDA:0,WadRayMath.wadDiv
DA:75,0
BRDA:75,1,0,-
DA:79,0
FN:90,WadRayMath.rayMul
FNDA:0,WadRayMath.rayMul
DA:93,0
BRDA:93,2,0,-
DA:97,0
FN:108,WadRayMath.rayDiv
FNDA:0,WadRayMath.rayDiv
DA:111,0
BRDA:111,3,0,-
DA:115,0
FN:125,WadRayMath.rayToWad
FNDA:0,WadRayMath.rayToWad
DA:127,0
DA:129,0
BRDA:129,4,0,-
DA:130,0
FN:141,WadRayMath.wadToRay
FNDA:0,WadRayMath.wadToRay
DA:144,0
DA:146,0
BRDA:146,5,0,-
FNF:10
FNH:0
LF:17
LH:0
BRF:6
BRH:0
end_of_record
TN:
SF:src/libraries/oracles/ReserveOracle.sol
FN:44,ReserveOracle.addAggregators
FNDA:6,ReserveOracle.addAggregators
DA:48,6
DA:49,6
BRDA:49,0,0,5
BRDA:49,0,1,1
DA:50,1
DA:52,5
DA:53,10
DA:55,10
FN:66,ReserveOracle.addAggregator
FNDA:175,ReserveOracle.addAggregator
DA:67,175
FN:75,ReserveOracle.removeAggregator
FNDA:1,ReserveOracle.removeAggregator
DA:76,1
DA:77,1
BRDA:77,1,0,1
BRDA:77,1,1,-
DA:78,1
FN:86,ReserveOracle.getAggregator
FNDA:1,ReserveOracle.getAggregator
DA:87,1
FN:93,ReserveOracle.getAssetPrice
FNDA:224,ReserveOracle.getAssetPrice
DA:94,224
DA:96,224
BRDA:96,2,0,1
BRDA:96,2,1,223
DA:97,223
DA:100,1
BRDA:100,3,0,1
BRDA:100,3,1,-
DA:102,1
DA:104,1
DA:120,1
DA:121,1
DA:122,1
DA:123,1
DA:124,1
BRDA:119,4,0,1
BRDA:119,4,1,-
DA:126,1
DA:128,0
FN:137,ReserveOracle.getLatestTimestamp
FNDA:1,ReserveOracle.getLatestTimestamp
DA:138,1
BRDA:138,5,0,1
BRDA:138,5,1,-
DA:139,1
DA:140,1
BRDA:140,6,0,1
BRDA:140,6,1,-
DA:141,1
DA:142,1
FN:155,ReserveOracle._addAggregator
FNDA:185,ReserveOracle._addAggregator
DA:156,185
BRDA:156,7,0,185
BRDA:156,7,1,-
DA:157,185
BRDA:157,8,0,185
BRDA:157,8,1,-
DA:158,185
FNF:7
FNH:7
LF:32
LH:31
BRF:18
BRH:11
end_of_record
TN:
SF:src/libraries/proxy/UnlockdMinimalProxy.sol
FN:13,UnlockdMinimalProxy.
FNDA:0,UnlockdMinimalProxy.
DA:14,0
FNF:1
FNH:0
LF:1
LH:0
BRF:0
BRH:0
end_of_record
TN:
SF:src/libraries/signatures/ActionSign.sol
FN:20,ActionSign.calculateDigest
FNDA:222,ActionSign.calculateDigest
DA:25,221
FN:29,ActionSign._validateSignature
FNDA:112,ActionSign._validateSignature
DA:34,112
BRDA:34,0,0,111
BRDA:34,0,1,1
DA:35,1
DA:38,111
FN:46,ActionSign._getStructHash
FNDA:221,ActionSign._getStructHash
DA:50,221
FNF:3
FNH:3
LF:5
LH:5
BRF:2
BRH:2
end_of_record
TN:
SF:src/libraries/signatures/AuctionSign.sol
FN:21,AuctionSign.calculateDigest
FNDA:61,AuctionSign.calculateDigest
DA:26,60
FN:30,AuctionSign._validateSignature
FNDA:31,AuctionSign._validateSignature
DA:35,31
BRDA:35,0,0,30
BRDA:35,0,1,1
DA:36,1
DA:39,30
FN:47,AuctionSign._getStructHash
FNDA:60,AuctionSign._getStructHash
DA:51,60
FNF:3
FNH:3
LF:5
LH:5
BRF:2
BRH:2
end_of_record
TN:
SF:src/libraries/signatures/BuyNowSign.sol
FN:21,BuyNowSign.calculateDigest
FNDA:23,BuyNowSign.calculateDigest
DA:26,22
FN:30,BuyNowSign._validateSignature
FNDA:11,BuyNowSign._validateSignature
DA:35,11
BRDA:35,0,0,10
BRDA:35,0,1,1
DA:36,1
DA:42,10
FN:50,BuyNowSign._getStructHash
FNDA:22,BuyNowSign._getStructHash
DA:54,22
DA:56,22
DA:74,22
FNF:3
FNH:3
LF:7
LH:7
BRF:2
BRH:2
end_of_record
TN:
SF:src/libraries/signatures/MarketSign.sol
FN:21,MarketSign.calculateDigest
FNDA:210,MarketSign.calculateDigest
DA:26,209
FN:30,MarketSign._validateSignature
FNDA:114,MarketSign._validateSignature
DA:35,114
BRDA:35,0,0,113
BRDA:35,0,1,1
DA:36,1
DA:39,113
FN:47,MarketSign._getStructHash
FNDA:209,MarketSign._getStructHash
DA:51,209
FNF:3
FNH:3
LF:5
LH:5
BRF:2
BRH:2
end_of_record
TN:
SF:src/libraries/signatures/SellNowSign.sol
FN:22,SellNowSign.calculateDigest
FNDA:37,SellNowSign.calculateDigest
DA:27,36
FN:31,SellNowSign._validateSignature
FNDA:19,SellNowSign._validateSignature
DA:36,19
BRDA:36,0,0,18
BRDA:36,0,1,1
DA:37,1
DA:40,18
FN:48,SellNowSign._getStructHash
FNDA:36,SellNowSign._getStructHash
DA:52,36
FNF:3
FNH:3
LF:5
LH:5
BRF:2
BRH:2
end_of_record
TN:
SF:src/libraries/utils/DelegateCall.sol
FN:19,DelegateCall.functionDelegateCall
FNDA:0,DelegateCall.functionDelegateCall
DA:24,0
DA:27,0
BRDA:27,0,0,-
DA:29,0
BRDA:29,1,0,-
FNF:1
FNH:0
LF:3
LH:0
BRF:2
BRH:0
end_of_record
TN:
SF:src/libraries/utils/EIP712.sol
FN:66,EIP712._domainSeparatorV4
FNDA:0,EIP712._domainSeparatorV4
DA:67,0
DA:68,0
BRDA:68,0,0,-
BRDA:68,0,1,-
DA:69,0
FN:86,EIP712._hashTypedDataV4
FNDA:548,EIP712._hashTypedDataV4
DA:87,548
DA:88,548
BRDA:88,1,0,548
BRDA:88,1,1,478
DA:89,478
DA:97,0
FN:108,EIP712._buildDomainSeparatorV4
FNDA:478,EIP712._buildDomainSeparatorV4
DA:109,478
DA:110,478
DA:119,0
FN:124,EIP712._cachedDomainSeparatorInvalidated
FNDA:548,EIP712._cachedDomainSeparatorInvalidated
DA:125,548
DA:126,548
DA:129,0
FNF:4
FNH:3
LF:13
LH:7
BRF:4
BRH:2
end_of_record
TN:
SF:src/libraries/utils/tokens/ERC20Upgradeable.sol
FN:105,ERC20Upgradeable._msgSender
FNDA:710,ERC20Upgradeable._msgSender
DA:106,710
FN:109,ERC20Upgradeable._msgData
FNDA:0,ERC20Upgradeable._msgData
DA:110,0
FN:113,ERC20Upgradeable.__ERC20_init
FNDA:684,ERC20Upgradeable.__ERC20_init
DA:114,684
DA:115,684
FN:123,ERC20Upgradeable.name
FNDA:0,ERC20Upgradeable.name
DA:124,0
FN:128,ERC20Upgradeable.symbol
FNDA:0,ERC20Upgradeable.symbol
DA:129,0
FN:145,ERC20Upgradeable.decimals
FNDA:0,ERC20Upgradeable.decimals
DA:146,0
FN:154,ERC20Upgradeable.totalSupply
FNDA:458,ERC20Upgradeable.totalSupply
DA:157,0
FN:162,ERC20Upgradeable.balanceOf
FNDA:257,ERC20Upgradeable.balanceOf
DA:167,0
FN:172,ERC20Upgradeable.allowance
FNDA:0,ERC20Upgradeable.allowance
DA:183,0
FN:190,ERC20Upgradeable.approve
FNDA:0,ERC20Upgradeable.approve
DA:202,0
FN:208,ERC20Upgradeable.increaseAllowance
FNDA:0,ERC20Upgradeable.increaseAllowance
DA:220,0
BRDA:220,0,0,-
DA:230,0
FN:236,ERC20Upgradeable.decreaseAllowance
FNDA:0,ERC20Upgradeable.decreaseAllowance
DA:246,0
BRDA:246,1,0,-
DA:257,0
FN:266,ERC20Upgradeable.transfer
FNDA:0,ERC20Upgradeable.transfer
DA:267,0
DA:276,0
BRDA:276,2,0,-
DA:293,0
DA:294,0
FN:306,ERC20Upgradeable.transferFrom
FNDA:0,ERC20Upgradeable.transferFrom
DA:307,0
DA:317,0
BRDA:317,3,0,-
DA:319,0
BRDA:319,4,0,-
DA:331,0
BRDA:331,5,0,-
DA:348,0
DA:349,0
FN:359,ERC20Upgradeable._mint
FNDA:253,ERC20Upgradeable._mint
DA:360,0
DA:366,0
BRDA:366,6,0,-
DA:382,0
FN:392,ERC20Upgradeable._burn
FNDA:2,ERC20Upgradeable._burn
DA:393,0
DA:402,0
BRDA:402,7,0,-
DA:414,0
FN:422,ERC20Upgradeable._transfer
FNDA:0,ERC20Upgradeable._transfer
DA:423,0
DA:432,0
BRDA:432,8,0,-
DA:449,0
FN:457,ERC20Upgradeable._spendAllowance
FNDA:0,ERC20Upgradeable._spendAllowance
DA:467,0
BRDA:467,9,0,-
DA:469,0
BRDA:469,10,0,-
FN:482,ERC20Upgradeable._approve
FNDA:0,ERC20Upgradeable._approve
FN:502,ERC20Upgradeable._beforeTokenTransfer
FNDA:0,ERC20Upgradeable._beforeTokenTransfer
FN:506,ERC20Upgradeable._afterTokenTransfer
FNDA:0,ERC20Upgradeable._afterTokenTransfer
FNF:21
FNH:6
LF:36
LH:3
BRF:11
BRH:0
end_of_record
TN:
SF:src/protocol/DebtToken.sol
FN:43,DebtToken.initialize
FNDA:341,DebtToken.initialize
DA:49,341
DA:50,341
DA:51,341
FN:54,DebtToken.setUToken
FNDA:341,DebtToken.setUToken
DA:55,341
FN:66,DebtToken.mint
FNDA:88,DebtToken.mint
DA:73,88
DA:74,88
BRDA:74,0,0,88
BRDA:74,0,1,-
DA:75,0
DA:78,88
DA:80,88
DA:82,88
FN:93,DebtToken.burn
FNDA:25,DebtToken.burn
DA:94,25
DA:95,25
BRDA:95,1,0,25
BRDA:95,1,1,-
DA:96,0
DA:99,25
DA:101,25
FN:108,DebtToken._authorizeUpgrade
FNDA:0,DebtToken._authorizeUpgrade
FN:115,DebtToken.balanceOf
FNDA:0,DebtToken.balanceOf
DA:116,0
DA:117,0
FN:125,DebtToken.balanceOf
FNDA:0,DebtToken.balanceOf
DA:126,0
FN:134,DebtToken.scaledBalanceOf
FNDA:169,DebtToken.scaledBalanceOf
DA:135,169
FN:143,DebtToken.totalSupply
FNDA:0,DebtToken.totalSupply
DA:144,0
FN:152,DebtToken.scaledTotalSupply
FNDA:802,DebtToken.scaledTotalSupply
DA:153,802
FN:159,DebtToken.decimals
FNDA:0,DebtToken.decimals
DA:160,0
FN:169,DebtToken.transfer
FNDA:0,DebtToken.transfer
DA:172,0
FN:175,DebtToken.allowance
FNDA:0,DebtToken.allowance
DA:181,0
FN:184,DebtToken.approve
FNDA:0,DebtToken.approve
DA:187,0
FN:190,DebtToken.transferFrom
FNDA:0,DebtToken.transferFrom
DA:198,0
FN:201,DebtToken.increaseAllowance
FNDA:0,DebtToken.increaseAllowance
DA:207,0
FN:210,DebtToken.decreaseAllowance
FNDA:0,DebtToken.decreaseAllowance
DA:216,0
FN:223,DebtToken._burn
FNDA:25,DebtToken._burn
DA:224,25
BRDA:224,2,0,25
BRDA:224,2,1,-
DA:226,25
DA:227,25
DA:231,0
BRDA:231,3,0,-
DA:238,25
DA:239,25
DA:241,25
DA:244,25
FN:247,DebtToken._mint
FNDA:88,DebtToken._mint
DA:252,88
BRDA:252,4,0,88
BRDA:252,4,1,-
DA:254,88
DA:256,88
DA:260,88
DA:261,88
DA:263,88
FNF:19
FNH:8
LF:42
LH:28
BRF:9
BRH:4
end_of_record
TN:
SF:src/protocol/UToken.sol
FN:50,UToken.initialize
FNDA:341,UToken.initialize
DA:62,341
DA:63,341
DA:65,341
DA:74,341
FN:88,UToken.deposit
FNDA:251,UToken.deposit
DA:93,251
DA:94,251
DA:96,251
DA:98,251
DA:99,251
DA:100,251
DA:102,251
DA:125,251
FN:139,UToken.withdraw
FNDA:1,UToken.withdraw
DA:140,1
DA:141,1
DA:142,1
DA:143,1
BRDA:143,0,0,1
BRDA:143,0,1,-
DA:144,0
DA:146,1
DA:148,1
BRDA:148,1,0,1
BRDA:148,1,1,-
DA:149,0
DA:151,1
DA:152,1
BRDA:152,2,0,1
BRDA:152,2,1,-
DA:153,0
DA:156,1
DA:157,1
DA:158,1
DA:180,1
DA:182,1
DA:184,0
FN:195,UToken.borrowOnBelhalf
FNDA:88,UToken.borrowOnBelhalf
DA:201,88
DA:202,88
DA:203,88
DA:206,88
DA:207,88
BRDA:207,3,0,88
BRDA:207,3,1,-
DA:208,0
DA:231,88
DA:238,88
DA:240,88
DA:242,88
FN:252,UToken.repayOnBelhalf
FNDA:25,UToken.repayOnBelhalf
DA:258,25
DA:259,25
DA:262,25
DA:285,25
DA:287,25
DA:294,25
FN:309,UToken.setTreasury
FNDA:0,UToken.setTreasury
DA:310,0
DA:311,0
DA:312,0
FN:319,UToken._authorizeUpgrade
FNDA:0,UToken._authorizeUpgrade
FN:327,UToken.balanceOf
FNDA:4,UToken.balanceOf
DA:328,4
FN:338,UToken.scaledBalanceOf
FNDA:0,UToken.scaledBalanceOf
DA:339,0
FN:347,UToken.getReserveNormalizedVariableDebt
FNDA:95,UToken.getReserveNormalizedVariableDebt
DA:348,95
FN:358,UToken.totalSupply
FNDA:369,UToken.totalSupply
DA:359,369
FN:369,UToken.totalUnderlyingBalanceNotInvested
FNDA:0,UToken.totalUnderlyingBalanceNotInvested
DA:370,0
FN:380,UToken.totalUnderlyingBalance
FNDA:0,UToken.totalUnderlyingBalance
DA:381,0
DA:382,0
DA:383,0
FN:391,UToken.scaledTotalSupply
FNDA:0,UToken.scaledTotalSupply
DA:392,0
FN:395,UToken.getDebtToken
FNDA:1,UToken.getDebtToken
DA:396,1
FN:403,UToken.RESERVE_TREASURY_ADDRESS
FNDA:0,UToken.RESERVE_TREASURY_ADDRESS
DA:404,0
FN:411,UToken.UNDERLYING_ASSET_ADDRESS
FNDA:26,UToken.UNDERLYING_ASSET_ADDRESS
DA:412,26
FN:418,UToken.updateStateReserve
FNDA:185,UToken.updateStateReserve
DA:419,185
FN:426,UToken.getReserve
FNDA:250,UToken.getReserve
DA:427,250
FN:430,UToken.decimals
FNDA:0,UToken.decimals
DA:431,0
FN:438,UToken.setTreasuryAddress
FNDA:0,UToken.setTreasuryAddress
DA:439,0
DA:440,0
FN:456,UToken._burn
FNDA:1,UToken._burn
DA:462,1
DA:464,1
DA:465,1
DA:466,1
DA:467,1
FN:478,UToken._mint
FNDA:251,UToken._mint
DA:479,251
DA:480,251
DA:481,251
DA:482,251
DA:483,251
DA:484,251
FN:493,UToken._mintToTreasury
FNDA:252,UToken._mintToTreasury
DA:494,252
BRDA:494,4,0,-
BRDA:494,4,1,252
DA:495,0
FNF:24
FNH:15
LF:78
LH:59
BRF:10
BRH:5
end_of_record
TN:
SF:src/protocol/UTokenV2.sol
FN:43,UTokenV2.createMarket
FNDA:2,UTokenV2.createMarket
DA:50,2
BRDA:50,0,0,2
BRDA:50,0,1,-
DA:51,0
DA:55,2
FN:64,UTokenV2.supply
FNDA:2,UTokenV2.supply
DA:65,2
BRDA:65,1,0,2
BRDA:65,1,1,-
DA:66,0
DA:68,2
DA:69,2
DA:72,2
DA:73,2
DA:75,2
DA:77,2
DA:79,2
DA:81,2
FN:86,UTokenV2.withdraw
FNDA:1,UTokenV2.withdraw
DA:87,1
BRDA:87,2,0,1
BRDA:87,2,1,-
DA:88,0
DA:90,1
DA:91,1
DA:93,1
DA:94,1
DA:96,1
DA:98,1
DA:100,1
DA:103,1
FN:106,UTokenV2.borrow
FNDA:0,UTokenV2.borrow
DA:113,0
BRDA:113,3,0,-
BRDA:113,3,1,-
DA:114,0
DA:116,0
DA:117,0
DA:118,0
DA:121,0
DA:122,0
DA:124,0
DA:125,0
BRDA:125,4,0,-
BRDA:125,4,1,-
DA:126,0
DA:129,0
DA:131,0
DA:133,0
DA:136,0
DA:137,0
DA:139,0
DA:141,0
FN:144,UTokenV2.repay
FNDA:0,UTokenV2.repay
DA:151,0
BRDA:151,5,0,-
BRDA:151,5,1,-
DA:152,0
DA:154,0
DA:155,0
DA:156,0
DA:159,0
DA:160,0
DA:162,0
DA:164,0
DA:165,0
DA:167,0
DA:168,0
DA:169,0
DA:170,0
FN:182,UTokenV2.recalculateIndex
FNDA:0,UTokenV2.recalculateIndex
DA:183,0
DA:185,0
DA:188,0
BRDA:188,6,0,-
BRDA:188,6,1,-
DA:189,0
DA:193,0
FN:205,UTokenV2.getReserveData
FNDA:1,UTokenV2.getReserveData
DA:208,1
FN:214,UTokenV2.getTotalDebtFromUser
FNDA:0,UTokenV2.getTotalDebtFromUser
DA:215,0
FN:218,UTokenV2.getDebtFromLoanId
FNDA:0,UTokenV2.getDebtFromLoanId
DA:219,0
DA:220,0
FN:227,UTokenV2.getBalance
FNDA:0,UTokenV2.getBalance
DA:228,0
FN:231,UTokenV2.totalSupply
FNDA:0,UTokenV2.totalSupply
DA:232,0
DA:233,0
FN:238,UTokenV2.totalAvailableSupply
FNDA:0,UTokenV2.totalAvailableSupply
DA:239,0
DA:240,0
BRDA:240,7,0,-
BRDA:240,7,1,-
DA:241,0
DA:245,0
FN:248,UTokenV2.totalSupplyNotInvested
FNDA:3,UTokenV2.totalSupplyNotInvested
DA:250,3
DA:251,3
FN:258,UTokenV2._sharesToken
FNDA:2,UTokenV2._sharesToken
DA:264,2
DA:272,2
DA:277,2
FNF:14
FNH:6
LF:75
LH:26
BRF:16
BRH:3
end_of_record
TN:
SF:src/protocol/Unlockd.sol
FN:27,Unlockd.moduleIdToImplementation
FNDA:2,Unlockd.moduleIdToImplementation
DA:28,2
FN:31,Unlockd.moduleIdToProxy
FNDA:624,Unlockd.moduleIdToProxy
DA:32,624
FN:35,Unlockd.dispatch
FNDA:2274,Unlockd.dispatch
DA:48,0
BRDA:48,0,0,-
DA:54,0
BRDA:54,1,0,-
DA:57,0
DA:61,0
BRDA:61,2,0,-
FNF:3
FNH:3
LF:6
LH:2
BRF:3
BRH:0
end_of_record
TN:
SF:src/protocol/adapters/ReservoirAdapter.sol
FN:43,ReservoirAdapter.preSell
FNDA:10,ReservoirAdapter.preSell
DA:44,10
FN:54,ReservoirAdapter.sell
FNDA:9,ReservoirAdapter.sell
DA:55,9
DA:66,9
FN:69,ReservoirAdapter.preBuy
FNDA:1,ReservoirAdapter.preBuy
FN:73,ReservoirAdapter.buy
FNDA:3,ReservoirAdapter.buy
DA:74,3
DA:76,3
BRDA:76,0,0,3
BRDA:76,0,1,-
DA:77,3
DA:80,3
DA:82,3
DA:84,3
DA:86,0
FN:89,ReservoirAdapter.emergencyWithdraw
FNDA:1,ReservoirAdapter.emergencyWithdraw
DA:90,1
DA:91,1
BRDA:91,1,0,1
BRDA:91,1,1,-
FN:94,ReservoirAdapter.emergencyWithdrawERC20
FNDA:1,ReservoirAdapter.emergencyWithdrawERC20
DA:95,1
FN:98,ReservoirAdapter._rawExec
FNDA:3,ReservoirAdapter._rawExec
DA:100,3
DA:101,3
BRDA:101,2,0,3
BRDA:101,2,1,-
FN:104,ReservoirAdapter._getBalance
FNDA:6,ReservoirAdapter._getBalance
DA:105,6
BRDA:105,3,0,6
BRDA:105,3,1,-
DA:106,0
DA:108,6
FN:114,ReservoirAdapter.
FNDA:0,ReservoirAdapter.
FNF:9
FNH:8
LF:18
LH:16
BRF:8
BRH:4
end_of_record
TN:
SF:src/protocol/modules/Action.sol
FN:33,Action.getLoan
FNDA:7,Action.getLoan
DA:34,7
FN:41,Action.getAmountToRepay
FNDA:0,Action.getAmountToRepay
DA:42,0
DA:44,0
DA:45,0
FN:64,Action.borrow
FNDA:96,Action.borrow
DA:71,96
DA:72,96
DA:75,96
DA:77,95
DA:79,95
DA:83,95
DA:85,95
BRDA:85,0,0,83
BRDA:85,0,1,1
DA:86,85
BRDA:86,1,0,84
BRDA:86,1,1,1
DA:87,1
DA:89,84
BRDA:89,2,0,83
BRDA:89,2,1,1
DA:90,1
DA:94,83
DA:99,83
DA:110,83
DA:114,10
DA:116,10
BRDA:116,3,0,9
BRDA:116,3,1,1
DA:117,1
DA:119,9
BRDA:119,4,0,8
BRDA:119,4,1,1
DA:120,1
DA:124,91
BRDA:124,5,0,212
BRDA:124,5,1,-
DA:127,84
DA:133,84
DA:134,213
DA:135,213
DA:137,213
DA:145,212
DA:147,212
DA:150,83
DA:154,90
BRDA:154,6,0,58
BRDA:154,6,1,-
DA:156,59
DA:167,59
BRDA:167,7,0,58
BRDA:167,7,1,1
DA:168,1
DA:171,58
DA:173,58
DA:176,89
BRDA:176,8,0,88
BRDA:176,8,1,1
DA:177,1
DA:180,88
FN:188,Action.repay
FNDA:8,Action.repay
DA:193,8
DA:194,8
DA:196,8
DA:198,8
DA:200,8
BRDA:200,9,0,6
BRDA:200,9,1,2
DA:201,2
DA:204,6
DA:206,6
DA:208,6
BRDA:208,10,0,3
BRDA:208,10,1,-
DA:209,3
DA:217,3
DA:218,3
DA:221,6
BRDA:221,11,0,4
BRDA:221,11,1,-
DA:226,5
DA:237,5
BRDA:237,12,0,4
BRDA:237,12,1,1
DA:238,1
DA:242,4
DA:245,4
DA:248,5
BRDA:248,13,0,4
BRDA:248,13,1,1
DA:249,1
DA:252,4
BRDA:252,14,0,1
BRDA:252,14,1,3
DA:254,1
DA:257,3
DA:260,4
FNF:4
FNH:3
LF:65
LH:62
BRF:30
BRH:26
end_of_record
TN:
SF:src/protocol/modules/Auction.sol
FN:43,Auction.getAmountToReedem
FNDA:1,Auction.getAmountToReedem
DA:50,1
DA:52,1
DA:59,1
DA:65,1
BRDA:65,0,0,1
BRDA:65,0,1,1
DA:68,1
DA:71,1
FN:90,Auction.getMinBidPriceAuction
FNDA:2,Auction.getMinBidPriceAuction
DA:96,2
FN:109,Auction.getOrderAuction
FNDA:2,Auction.getOrderAuction
DA:110,2
FN:120,Auction.bid
FNDA:14,Auction.bid
DA:126,14
DA:128,14
DA:130,14
DA:131,14
DA:133,14
DA:134,14
DA:135,14
DA:137,14
DA:139,14
DA:141,14
DA:143,14
BRDA:143,1,0,11
BRDA:143,1,1,3
DA:148,11
DA:161,11
DA:173,10
DA:191,3
DA:200,3
BRDA:200,2,0,2
BRDA:200,2,1,2
DA:201,2
DA:212,2
DA:223,10
DA:226,10
DA:227,10
DA:229,10
BRDA:229,3,0,9
BRDA:229,3,1,-
DA:231,9
DA:232,9
BRDA:232,4,0,9
BRDA:232,4,1,-
DA:233,0
DA:236,9
DA:238,9
DA:249,9
DA:251,9
DA:261,9
DA:264,10
BRDA:264,5,0,9
BRDA:264,5,1,1
DA:268,9
DA:280,9
DA:283,1
DA:284,1
BRDA:284,6,0,1
BRDA:284,6,1,1
DA:287,1
DA:292,1
DA:307,1
DA:308,1
BRDA:308,7,0,1
BRDA:308,7,1,-
DA:310,0
DA:315,10
DA:318,9
DA:325,10
FN:335,Auction.redeem
FNDA:2,Auction.redeem
DA:341,2
DA:342,2
DA:344,2
DA:345,2
DA:346,2
BRDA:346,8,0,2
BRDA:346,8,1,-
DA:347,0
DA:349,2
BRDA:349,9,0,2
BRDA:349,9,1,-
DA:350,0
DA:354,2
DA:355,2
DA:356,2
DA:358,2
DA:359,2
DA:361,2
DA:363,1
DA:375,1
BRDA:375,10,0,1
BRDA:375,10,1,-
DA:377,1
DA:380,1
DA:394,1
BRDA:394,11,0,1
BRDA:394,11,1,1
DA:396,1
DA:399,1
BRDA:399,12,0,1
BRDA:399,12,1,-
DA:400,1
DA:401,1
DA:404,1
DA:405,1
DA:407,1
FN:416,Auction.finalize
FNDA:7,Auction.finalize
DA:421,7
DA:422,7
DA:424,7
DA:426,7
BRDA:426,13,0,6
BRDA:426,13,1,1
DA:427,6
BRDA:427,14,0,5
BRDA:427,14,1,1
DA:428,1
DA:431,5
DA:433,5
DA:436,5
DA:439,5
DA:443,4
BRDA:443,15,0,4
BRDA:443,15,1,-
DA:444,4
DA:450,4
DA:452,4
DA:454,4
DA:458,4
DA:461,4
DA:462,4
DA:464,4
DA:467,4
BRDA:467,16,0,3
BRDA:467,16,1,1
DA:468,1
DA:470,3
BRDA:470,17,0,-
BRDA:470,17,1,3
DA:472,0
DA:475,3
DA:476,3
DA:480,3
DA:487,3
FNF:6
FNH:6
LF:104
LH:99
BRF:36
BRH:27
end_of_record
TN:
SF:src/protocol/modules/BuyNow.sol
FN:52,BuyNow.getCalculations
FNDA:1,BuyNow.getCalculations
DA:56,1
FN:68,BuyNow.buy
FNDA:3,BuyNow.buy
DA:75,3
DA:76,3
DA:78,3
DA:80,3
DA:82,3
DA:87,3
DA:89,3
DA:91,3
DA:94,3
BRDA:94,0,0,2
BRDA:94,0,1,2
DA:95,2
DA:107,2
DA:110,2
DA:123,2
DA:129,2
FN:138,BuyNow._borrowLoan
FNDA:2,BuyNow._borrowLoan
DA:147,2
DA:150,2
BRDA:150,1,0,1
BRDA:150,1,1,1
DA:151,1
DA:153,1
DA:155,1
DA:157,1
DA:167,1
DA:169,1
FNF:3
FNH:3
LF:23
LH:23
BRF:4
BRH:4
end_of_record
TN:
SF:src/protocol/modules/Installer.sol
FN:18,Installer.installModules
FNDA:166,Installer.installModules
DA:19,166
DA:20,166
DA:21,967
DA:22,967
DA:23,967
DA:25,967
DA:27,967
BRDA:27,0,0,967
BRDA:27,0,1,967
DA:28,967
DA:29,967
DA:39,967
FNF:1
FNH:1
LF:10
LH:10
BRF:2
BRH:2
end_of_record
TN:
SF:src/protocol/modules/Manager.sol
FN:23,Manager.setReserveOracle
FNDA:162,Manager.setReserveOracle
DA:24,162
BRDA:24,0,0,161
BRDA:24,0,1,1
DA:25,161
DA:26,161
FN:29,Manager.getReserveOracle
FNDA:3,Manager.getReserveOracle
DA:30,3
FN:37,Manager.setSigner
FNDA:162,Manager.setSigner
DA:38,162
BRDA:38,1,0,161
BRDA:38,1,1,1
DA:39,161
DA:40,161
FN:43,Manager.getSigner
FNDA:3,Manager.getSigner
DA:44,3
FN:51,Manager.setWalletRegistry
FNDA:162,Manager.setWalletRegistry
DA:52,162
BRDA:52,2,0,161
BRDA:52,2,1,1
DA:53,161
DA:54,161
FN:57,Manager.getWalletRegistry
FNDA:3,Manager.getWalletRegistry
DA:58,3
FN:65,Manager.setAllowedControllers
FNDA:162,Manager.setAllowedControllers
DA:66,162
BRDA:66,3,0,161
BRDA:66,3,1,1
DA:67,161
DA:68,161
FN:71,Manager.getAllowedController
FNDA:3,Manager.getAllowedController
DA:72,3
FN:80,Manager.addUToken
FNDA:324,Manager.addUToken
DA:81,324
BRDA:81,4,0,323
BRDA:81,4,1,1
DA:82,323
DA:84,323
BRDA:84,5,0,322
BRDA:84,5,1,1
DA:85,322
DA:87,1
FN:91,Manager.isUTokenActive
FNDA:6,Manager.isUTokenActive
DA:92,6
FN:100,Manager.addMarketAdapters
FNDA:324,Manager.addMarketAdapters
DA:101,324
BRDA:101,6,0,323
BRDA:101,6,1,1
DA:102,323
DA:103,323
BRDA:103,7,0,322
BRDA:103,7,1,1
DA:104,322
DA:106,1
FN:110,Manager.isMarketAdapterActive
FNDA:6,Manager.isMarketAdapterActive
DA:111,6
FN:118,Manager.emergencyFreezeLoan
FNDA:7,Manager.emergencyFreezeLoan
DA:119,7
BRDA:119,8,0,6
BRDA:119,8,1,1
DA:120,6
FN:127,Manager.emergencyActivateLoan
FNDA:3,Manager.emergencyActivateLoan
DA:128,3
BRDA:128,9,0,2
BRDA:128,9,1,1
DA:129,2
FN:136,Manager.emergencyBlockLoan
FNDA:1,Manager.emergencyBlockLoan
DA:137,1
BRDA:137,10,0,1
BRDA:137,10,1,-
DA:138,1
FN:146,Manager.emergencyUpdateEndTimeAuction
FNDA:1,Manager.emergencyUpdateEndTimeAuction
DA:150,1
BRDA:150,11,0,1
BRDA:150,11,1,-
DA:151,1
FNF:16
FNH:16
LF:36
LH:36
BRF:24
BRH:22
end_of_record
TN:
SF:src/protocol/modules/Market.sol
FN:47,Market.getOrder
FNDA:23,Market.getOrder
DA:48,23
FN:58,Market.getMinBidPrice
FNDA:7,Market.getMinBidPrice
DA:64,7
FN:80,Market.getBuyNowPrice
FNDA:0,Market.getBuyNowPrice
DA:86,0
DA:87,0
FN:107,Market.create
FNDA:42,Market.create
DA:114,42
DA:115,42
DA:117,42
DA:119,42
DA:122,42
BRDA:122,0,0,1
BRDA:122,0,1,-
DA:125,1
DA:135,1
DA:139,1
DA:147,1
DA:149,41
BRDA:149,1,0,41
BRDA:149,1,1,-
DA:150,0
DA:153,41
BRDA:153,2,0,41
BRDA:153,2,1,-
DA:154,0
DA:157,41
BRDA:157,3,0,41
BRDA:157,3,1,-
DA:158,0
DA:161,41
DA:163,41
DA:175,42
DA:177,42
DA:191,41
DA:206,41
FN:219,Market.cancel
FNDA:7,Market.cancel
DA:220,7
DA:221,7
DA:224,7
DA:225,7
DA:226,7
DA:227,7
DA:228,7
DA:231,7
DA:232,7
DA:233,7
DA:235,7
DA:244,5
BRDA:244,4,0,2
BRDA:244,4,1,-
DA:245,2
DA:246,2
DA:248,2
DA:261,2
BRDA:261,5,0,2
BRDA:261,5,1,-
DA:263,0
DA:265,2
DA:267,5
DA:269,5
FN:280,Market.bid
FNDA:45,Market.bid
DA:287,45
DA:288,45
DA:290,45
DA:291,45
DA:294,45
BRDA:294,6,0,45
BRDA:294,6,1,-
DA:295,0
DA:297,45
DA:298,45
DA:307,45
DA:310,40
DA:311,40
DA:314,40
DA:316,40
DA:324,40
BRDA:324,7,0,25
BRDA:324,7,1,15
DA:325,15
DA:329,25
DA:331,25
DA:333,25
BRDA:333,8,0,25
BRDA:333,8,1,5
DA:335,5
DA:336,5
DA:338,5
DA:340,5
DA:351,5
DA:361,5
DA:365,25
BRDA:365,9,0,2
BRDA:365,9,1,1
DA:367,2
DA:381,2
BRDA:381,10,0,2
BRDA:381,10,1,1
DA:383,1
DA:387,25
DA:389,25
DA:396,25
DA:398,25
FN:408,Market.claim
FNDA:9,Market.claim
DA:414,9
DA:415,9
DA:416,9
DA:419,9
DA:423,9
DA:424,9
DA:426,9
DA:435,7
DA:436,7
DA:438,7
DA:439,7
DA:441,7
DA:446,7
DA:458,7
DA:472,6
BRDA:472,11,0,6
BRDA:472,11,1,6
DA:474,6
DA:477,6
DA:478,6
DA:479,6
BRDA:479,12,0,6
BRDA:479,12,1,2
DA:480,2
DA:484,2
DA:485,2
DA:487,6
BRDA:487,13,0,1
BRDA:487,13,1,-
DA:489,2
BRDA:489,14,0,1
BRDA:489,14,1,1
DA:490,1
DA:493,1
DA:495,1
DA:499,5
DA:501,5
BRDA:501,15,0,5
BRDA:501,15,1,-
DA:502,0
DA:505,5
BRDA:505,16,0,2
BRDA:505,16,1,3
DA:507,2
DA:510,3
DA:511,3
DA:516,5
DA:521,5
DA:524,5
DA:530,5
FN:541,Market.cancelClaim
FNDA:2,Market.cancelClaim
DA:546,2
DA:547,2
DA:548,2
DA:551,2
DA:555,2
DA:556,2
DA:558,2
DA:567,2
DA:568,0
DA:570,2
DA:571,2
DA:573,2
DA:576,2
DA:588,2
BRDA:588,17,0,1
BRDA:588,17,1,1
DA:589,1
DA:593,1
DA:607,1
BRDA:607,18,0,1
BRDA:607,18,1,-
DA:609,0
DA:612,1
DA:614,1
DA:616,1
FN:634,Market.buyNow
FNDA:8,Market.buyNow
DA:642,8
DA:643,8
DA:645,8
DA:646,8
DA:650,8
DA:651,8
DA:653,8
DA:662,8
DA:663,4
DA:665,4
DA:666,4
DA:668,4
DA:672,4
DA:682,4
BRDA:682,19,0,4
BRDA:682,19,1,-
DA:685,4
DA:687,4
DA:689,4
DA:690,4
BRDA:690,20,0,4
BRDA:690,20,1,3
DA:691,3
DA:696,3
DA:697,3
DA:700,4
BRDA:700,21,0,2
BRDA:700,21,1,-
DA:702,2
BRDA:702,22,0,2
BRDA:702,22,1,-
DA:703,0
DA:706,2
DA:708,2
DA:719,2
DA:730,2
DA:735,4
BRDA:735,23,0,1
BRDA:735,23,1,-
DA:737,1
DA:751,1
BRDA:751,24,0,1
BRDA:751,24,1,-
DA:753,0
DA:758,4
DA:772,4
BRDA:772,25,0,4
BRDA:772,25,1,4
DA:774,4
DA:777,4
DA:781,4
DA:783,4
BRDA:783,26,0,4
BRDA:783,26,1,-
DA:784,0
DA:787,4
BRDA:787,27,0,-
BRDA:787,27,1,4
DA:789,0
DA:792,4
DA:793,4
DA:797,4
DA:799,4
FNF:9
FNH:8
LF:181
LH:167
BRF:56
BRH:39
end_of_record
TN:
SF:src/protocol/modules/SellNow.sol
FN:62,SellNow.forceSell
FNDA:3,SellNow.forceSell
DA:68,3
DA:70,3
DA:72,3
DA:74,3
DA:75,3
DA:77,3
DA:89,3
DA:94,3
DA:96,3
DA:98,3
DA:110,3
DA:122,3
BRDA:122,0,0,2
BRDA:122,0,1,1
DA:123,1
DA:125,2
BRDA:125,1,0,1
BRDA:125,1,1,1
DA:127,1
DA:128,1
DA:131,1
DA:134,2
FN:150,SellNow.sell
FNDA:8,SellNow.sell
DA:156,8
DA:158,8
DA:160,8
DA:165,8
DA:167,8
DA:169,8
DA:170,8
DA:171,8
DA:173,8
BRDA:173,2,0,8
BRDA:173,2,1,-
DA:174,6
DA:175,6
DA:177,6
BRDA:177,3,0,6
BRDA:177,3,1,-
DA:178,0
DA:180,6
DA:181,6
DA:183,6
DA:195,5
DA:207,4
BRDA:207,4,0,1
BRDA:207,4,1,1
DA:208,3
DA:221,3
BRDA:221,5,0,2
BRDA:221,5,1,1
DA:222,1
DA:225,2
BRDA:225,6,0,1
BRDA:225,6,1,1
DA:226,1
DA:229,1
DA:233,1
DA:236,2
FNF:2
FNH:2
LF:44
LH:43
BRF:14
BRH:12
end_of_record
TN:
SF:src/protocol/strategies/MaxApy.sol
FN:29,MaxApyStrategy.name
FNDA:0,MaxApyStrategy.name
DA:30,0
FN:34,MaxApyStrategy.description
FNDA:0,MaxApyStrategy.description
DA:35,0
FN:38,MaxApyStrategy.asset
FNDA:320,MaxApyStrategy.asset
DA:39,320
FN:42,MaxApyStrategy.getConfig
FNDA:0,MaxApyStrategy.getConfig
DA:43,0
DA:44,0
FN:53,MaxApyStrategy.balanceOf
FNDA:1,MaxApyStrategy.balanceOf
DA:54,1
DA:55,1
BRDA:55,0,0,-
BRDA:55,0,1,1
DA:56,0
FN:62,MaxApyStrategy.calculateAmountToSupply
FNDA:2,MaxApyStrategy.calculateAmountToSupply
DA:67,2
BRDA:67,1,0,2
BRDA:67,1,1,-
DA:68,2
DA:69,2
FN:73,MaxApyStrategy.supply
FNDA:0,MaxApyStrategy.supply
DA:74,0
DA:75,0
FN:78,MaxApyStrategy.calculateAmountToWithdraw
FNDA:1,MaxApyStrategy.calculateAmountToWithdraw
DA:83,1
DA:84,1
DA:85,1
BRDA:85,2,0,-
BRDA:85,2,1,1
DA:87,0
BRDA:87,3,0,-
BRDA:87,3,1,-
DA:88,0
DA:89,0
DA:91,0
DA:93,0
FN:97,MaxApyStrategy.withdraw
FNDA:0,MaxApyStrategy.withdraw
DA:98,0
FN:101,MaxApyStrategy._getAmountToWithdraw
FNDA:1,MaxApyStrategy._getAmountToWithdraw
DA:105,1
BRDA:105,4,0,1
BRDA:105,4,1,-
DA:106,1
BRDA:106,5,0,-
BRDA:106,5,1,1
DA:107,1
DA:109,0
FNF:10
FNH:5
LF:26
LH:12
BRF:12
BRH:5
end_of_record
TN:
SF:src/tokens/ScaledToken.sol
FN:30,ScaledToken.initialize
FNDA:2,ScaledToken.initialize
DA:36,2
FN:47,ScaledToken.mint
FNDA:2,ScaledToken.mint
DA:49,2
DA:50,2
BRDA:50,0,0,2
BRDA:50,0,1,-
DA:51,0
DA:53,2
DA:54,0
FN:66,ScaledToken.burn
FNDA:1,ScaledToken.burn
DA:67,1
DA:68,1
BRDA:68,1,0,1
BRDA:68,1,1,-
DA:69,0
DA:71,1
DA:72,0
FN:79,ScaledToken._authorizeUpgrade
FNDA:0,ScaledToken._authorizeUpgrade
FNF:4
FNH:3
LF:11
LH:7
BRF:4
BRH:2
end_of_record
TN:
SF:src/utils/BlockContext.sol
FN:12,BlockContext._blockTimestamp
FNDA:0,BlockContext._blockTimestamp
DA:13,0
FN:16,BlockContext._blockNumber
FNDA:0,BlockContext._blockNumber
DA:17,0
FNF:2
FNH:0
LF:2
LH:0
BRF:0
BRH:0
end_of_record
end_of_record